2021-08-09 21:12:16,215 [Worker-1: Loading available Gradle versions] INFO  o.e.b.c.i.u.g.PublishedGradleVersions - Gradle version information cache is out-of-date. Trying to update.
2021-08-09 21:15:55,714 [Worker-5: Loading available Gradle versions] INFO  o.e.b.c.i.u.g.PublishedGradleVersions - Gradle version information cache is up-to-date. Trying to read.
2021-08-09 21:30:38,387 [Worker-1: 入門コンテンツのインポート] INFO  o.e.m.c.i.l.LifecycleMappingFactory - Using org.eclipse.m2e.jdt.JarLifecycleMapping lifecycle mapping for MavenProject: com.example:spring-boot2.5:0.0.1-SNAPSHOT @ /Users/fumi/Desktop/Java/SpringBoot2.5/spring-boot2.5/pom.xml.
2021-08-09 21:30:41,922 [Worker-1: 入門コンテンツのインポート] INFO  o.e.m.j.i.AbstractJavaProjectConfigurator - Adding source folder /spring-boot2.5/src/main/java
2021-08-09 21:30:41,922 [Worker-1: 入門コンテンツのインポート] INFO  o.e.m.j.i.AbstractJavaProjectConfigurator - Adding resource folder /spring-boot2.5/src/main/resources
2021-08-09 21:30:41,926 [Worker-1: 入門コンテンツのインポート] INFO  o.e.m.j.i.AbstractJavaProjectConfigurator - Adding resource folder /spring-boot2.5/src/main/resources
2021-08-09 21:30:41,932 [Worker-1: 入門コンテンツのインポート] INFO  o.e.m.j.i.AbstractJavaProjectConfigurator - Adding source folder /spring-boot2.5/src/test/java
2021-08-09 21:30:42,795 [Worker-1: 入門コンテンツのインポート] INFO  o.e.m.c.i.p.ProjectConfigurationManager - Imported and configured 1 project(s) in 6 sec
2021-08-09 21:30:42,798 [Worker-1: 入門コンテンツのインポート] INFO  o.e.m.c.i.p.ProjectConfigurationManager - Update started
2021-08-09 21:30:43,092 [Worker-1: 入門コンテンツのインポート] INFO  o.e.m.c.i.l.LifecycleMappingFactory - Using org.eclipse.m2e.jdt.JarLifecycleMapping lifecycle mapping for MavenProject: com.example:spring-boot2.5:0.0.1-SNAPSHOT @ /Users/fumi/Desktop/Java/SpringBoot2.5/spring-boot2.5/pom.xml.
2021-08-09 21:30:43,313 [Worker-1: 入門コンテンツのインポート] INFO  o.e.m.j.i.AbstractJavaProjectConfigurator - Adding source folder /spring-boot2.5/src/main/java
2021-08-09 21:30:43,313 [Worker-1: 入門コンテンツのインポート] INFO  o.e.m.j.i.AbstractJavaProjectConfigurator - Adding resource folder /spring-boot2.5/src/main/resources
2021-08-09 21:30:43,314 [Worker-1: 入門コンテンツのインポート] INFO  o.e.m.j.i.AbstractJavaProjectConfigurator - Adding resource folder /spring-boot2.5/src/main/resources
2021-08-09 21:30:43,317 [Worker-1: 入門コンテンツのインポート] INFO  o.e.m.j.i.AbstractJavaProjectConfigurator - Adding source folder /spring-boot2.5/src/test/java
2021-08-09 21:30:43,825 [Worker-1: 入門コンテンツのインポート] INFO  o.e.m.c.i.p.ProjectConfigurationManager - Update completed: 1 sec
2021-08-09 21:30:43,933 [Worker-1: Maven プロジェクトの更新中] INFO  o.e.m.c.i.p.ProjectConfigurationManager - Update started
2021-08-09 21:30:44,192 [Worker-1: Maven プロジェクトの更新中] INFO  o.e.m.c.i.l.LifecycleMappingFactory - Using org.eclipse.m2e.jdt.JarLifecycleMapping lifecycle mapping for MavenProject: com.example:spring-boot2.5:0.0.1-SNAPSHOT @ /Users/fumi/Desktop/Java/SpringBoot2.5/spring-boot2.5/pom.xml.
2021-08-09 21:30:44,557 [Worker-1: Maven プロジェクトの更新中] INFO  o.e.m.j.i.AbstractJavaProjectConfigurator - Adding source folder /spring-boot2.5/src/main/java
2021-08-09 21:30:44,557 [Worker-1: Maven プロジェクトの更新中] INFO  o.e.m.j.i.AbstractJavaProjectConfigurator - Adding resource folder /spring-boot2.5/src/main/resources
2021-08-09 21:30:44,558 [Worker-1: Maven プロジェクトの更新中] INFO  o.e.m.j.i.AbstractJavaProjectConfigurator - Adding resource folder /spring-boot2.5/src/main/resources
2021-08-09 21:30:44,558 [Worker-1: Maven プロジェクトの更新中] INFO  o.e.m.j.i.AbstractJavaProjectConfigurator - Adding source folder /spring-boot2.5/src/test/java
2021-08-09 21:30:44,772 [Worker-1: Maven プロジェクトの更新中] INFO  o.e.m.c.i.p.ProjectConfigurationManager - Update completed: 0 sec
2021-08-09 21:30:44,777 [Worker-1: Maven プロジェクトの更新中] INFO  o.e.m.c.i.p.ProjectConfigurationManager - Update started
2021-08-09 21:30:45,083 [Worker-1: Maven プロジェクトの更新中] INFO  o.e.m.c.i.l.LifecycleMappingFactory - Using org.eclipse.m2e.jdt.JarLifecycleMapping lifecycle mapping for MavenProject: com.example:spring-boot2.5:0.0.1-SNAPSHOT @ /Users/fumi/Desktop/Java/SpringBoot2.5/spring-boot2.5/pom.xml.
2021-08-09 21:30:45,412 [Worker-1: Maven プロジェクトの更新中] INFO  o.e.m.j.i.AbstractJavaProjectConfigurator - Adding source folder /spring-boot2.5/src/main/java
2021-08-09 21:30:45,413 [Worker-1: Maven プロジェクトの更新中] INFO  o.e.m.j.i.AbstractJavaProjectConfigurator - Adding resource folder /spring-boot2.5/src/main/resources
2021-08-09 21:30:45,413 [Worker-1: Maven プロジェクトの更新中] INFO  o.e.m.j.i.AbstractJavaProjectConfigurator - Adding resource folder /spring-boot2.5/src/main/resources
2021-08-09 21:30:45,413 [Worker-1: Maven プロジェクトの更新中] INFO  o.e.m.j.i.AbstractJavaProjectConfigurator - Adding source folder /spring-boot2.5/src/test/java
2021-08-09 21:30:45,519 [Worker-1: Maven プロジェクトの更新中] INFO  o.e.m.c.i.p.ProjectConfigurationManager - Update completed: 0 sec
2021-08-09 21:30:45,521 [Worker-12: Maven プロジェクトの更新中] INFO  o.e.m.c.i.p.ProjectConfigurationManager - Update started
2021-08-09 21:30:45,793 [Worker-12: Maven プロジェクトの更新中] INFO  o.e.m.c.i.l.LifecycleMappingFactory - Using org.eclipse.m2e.jdt.JarLifecycleMapping lifecycle mapping for MavenProject: com.example:spring-boot2.5:0.0.1-SNAPSHOT @ /Users/fumi/Desktop/Java/SpringBoot2.5/spring-boot2.5/pom.xml.
2021-08-09 21:30:46,138 [Worker-12: Maven プロジェクトの更新中] INFO  o.e.m.j.i.AbstractJavaProjectConfigurator - Adding source folder /spring-boot2.5/src/main/java
2021-08-09 21:30:46,139 [Worker-12: Maven プロジェクトの更新中] INFO  o.e.m.j.i.AbstractJavaProjectConfigurator - Adding resource folder /spring-boot2.5/src/main/resources
2021-08-09 21:30:46,139 [Worker-12: Maven プロジェクトの更新中] INFO  o.e.m.j.i.AbstractJavaProjectConfigurator - Adding resource folder /spring-boot2.5/src/main/resources
2021-08-09 21:30:46,139 [Worker-12: Maven プロジェクトの更新中] INFO  o.e.m.j.i.AbstractJavaProjectConfigurator - Adding source folder /spring-boot2.5/src/test/java
2021-08-09 21:30:46,279 [Worker-12: Maven プロジェクトの更新中] INFO  o.e.m.c.i.p.ProjectConfigurationManager - Update completed: 0 sec
2021-08-09 21:30:46,281 [Worker-1: Maven プロジェクトの更新中] INFO  o.e.m.c.i.p.ProjectConfigurationManager - Update started
2021-08-09 21:30:46,529 [Worker-1: Maven プロジェクトの更新中] INFO  o.e.m.c.i.l.LifecycleMappingFactory - Using org.eclipse.m2e.jdt.JarLifecycleMapping lifecycle mapping for MavenProject: com.example:spring-boot2.5:0.0.1-SNAPSHOT @ /Users/fumi/Desktop/Java/SpringBoot2.5/spring-boot2.5/pom.xml.
2021-08-09 21:30:46,865 [Worker-1: Maven プロジェクトの更新中] INFO  o.e.m.j.i.AbstractJavaProjectConfigurator - Adding source folder /spring-boot2.5/src/main/java
2021-08-09 21:30:46,865 [Worker-1: Maven プロジェクトの更新中] INFO  o.e.m.j.i.AbstractJavaProjectConfigurator - Adding resource folder /spring-boot2.5/src/main/resources
2021-08-09 21:30:46,865 [Worker-1: Maven プロジェクトの更新中] INFO  o.e.m.j.i.AbstractJavaProjectConfigurator - Adding resource folder /spring-boot2.5/src/main/resources
2021-08-09 21:30:46,865 [Worker-1: Maven プロジェクトの更新中] INFO  o.e.m.j.i.AbstractJavaProjectConfigurator - Adding source folder /spring-boot2.5/src/test/java
2021-08-09 21:30:46,970 [Worker-1: Maven プロジェクトの更新中] INFO  o.e.m.c.i.p.ProjectConfigurationManager - Update completed: 0 sec
2021-08-09 21:30:47,466 [Worker-3: ビルド] INFO  o.e.m.c.i.embedder.EclipseLogger - Using 'UTF-8' encoding to copy filtered resources.
2021-08-09 21:30:47,466 [Worker-3: ビルド] INFO  o.e.m.c.i.embedder.EclipseLogger - Using 'UTF-8' encoding to copy filtered properties files.
2021-08-09 21:30:47,472 [Worker-3: ビルド] INFO  o.e.m.c.i.embedder.EclipseLogger - Copying 1 resource
2021-08-09 21:30:47,490 [Worker-3: ビルド] INFO  o.e.m.c.i.embedder.EclipseLogger - Copying 0 resource
2021-08-09 21:30:47,492 [Worker-3: ビルド] INFO  o.e.m.c.i.embedder.EclipseLogger - Using 'UTF-8' encoding to copy filtered resources.
2021-08-09 21:30:47,492 [Worker-3: ビルド] INFO  o.e.m.c.i.embedder.EclipseLogger - Using 'UTF-8' encoding to copy filtered properties files.
2021-08-09 21:30:47,492 [Worker-3: ビルド] INFO  o.e.m.c.i.embedder.EclipseLogger - skip non existing resourceDirectory /Users/fumi/Desktop/Java/SpringBoot2.5/spring-boot2.5/src/test/resources
2021-08-09 21:32:47,774 [Worker-14: ビルド] INFO  o.e.m.c.i.embedder.EclipseLogger - Using 'UTF-8' encoding to copy filtered resources.
2021-08-09 21:32:47,774 [Worker-14: ビルド] INFO  o.e.m.c.i.embedder.EclipseLogger - Using 'UTF-8' encoding to copy filtered properties files.
2021-08-09 21:32:47,778 [Worker-14: ビルド] INFO  o.e.m.c.i.embedder.EclipseLogger - Copying 1 resource
2021-08-09 21:32:47,784 [Worker-14: ビルド] INFO  o.e.m.c.i.embedder.EclipseLogger - Copying 0 resource
2021-08-09 21:32:47,787 [Worker-14: ビルド] INFO  o.e.m.c.i.embedder.EclipseLogger - Using 'UTF-8' encoding to copy filtered resources.
2021-08-09 21:32:47,787 [Worker-14: ビルド] INFO  o.e.m.c.i.embedder.EclipseLogger - Using 'UTF-8' encoding to copy filtered properties files.
2021-08-09 21:32:47,787 [Worker-14: ビルド] INFO  o.e.m.c.i.embedder.EclipseLogger - skip non existing resourceDirectory /Users/fumi/Desktop/Java/SpringBoot2.5/spring-boot2.5/src/test/resources
2021-08-09 21:39:43,203 [Worker-19: ビルド] INFO  o.e.m.c.i.embedder.EclipseLogger - Using 'UTF-8' encoding to copy filtered resources.
2021-08-09 21:39:43,203 [Worker-19: ビルド] INFO  o.e.m.c.i.embedder.EclipseLogger - Using 'UTF-8' encoding to copy filtered properties files.
2021-08-09 21:39:43,204 [Worker-19: ビルド] INFO  o.e.m.c.i.embedder.EclipseLogger - Copying 1 resource
2021-08-09 21:39:43,275 [Worker-19: ビルド] INFO  o.e.m.c.i.embedder.EclipseLogger - Copying 0 resource
2021-08-09 21:39:43,279 [Worker-19: ビルド] INFO  o.e.m.c.i.embedder.EclipseLogger - Using 'UTF-8' encoding to copy filtered resources.
2021-08-09 21:39:43,279 [Worker-19: ビルド] INFO  o.e.m.c.i.embedder.EclipseLogger - Using 'UTF-8' encoding to copy filtered properties files.
2021-08-09 21:39:43,279 [Worker-19: ビルド] INFO  o.e.m.c.i.embedder.EclipseLogger - skip non existing resourceDirectory /Users/fumi/Desktop/Java/SpringBoot2.5/spring-boot2.5/src/test/resources
2021-08-09 21:43:43,745 [Worker-23: ビルド] INFO  o.e.m.c.i.embedder.EclipseLogger - Using 'UTF-8' encoding to copy filtered resources.
2021-08-09 21:43:43,745 [Worker-23: ビルド] INFO  o.e.m.c.i.embedder.EclipseLogger - Using 'UTF-8' encoding to copy filtered properties files.
2021-08-09 21:43:43,748 [Worker-23: ビルド] INFO  o.e.m.c.i.embedder.EclipseLogger - Copying 0 resource
2021-08-09 21:43:43,748 [Worker-23: ビルド] INFO  o.e.m.c.i.embedder.EclipseLogger - Copying 1 resource
2021-08-09 21:43:43,752 [Worker-23: ビルド] INFO  o.e.m.c.i.embedder.EclipseLogger - Using 'UTF-8' encoding to copy filtered resources.
2021-08-09 21:43:43,753 [Worker-23: ビルド] INFO  o.e.m.c.i.embedder.EclipseLogger - Using 'UTF-8' encoding to copy filtered properties files.
2021-08-09 21:43:43,753 [Worker-23: ビルド] INFO  o.e.m.c.i.embedder.EclipseLogger - skip non existing resourceDirectory /Users/fumi/Desktop/Java/SpringBoot2.5/spring-boot2.5/src/test/resources
2021-08-09 21:45:13,418 [Worker-23: ビルド] INFO  o.e.m.c.i.embedder.EclipseLogger - Using 'UTF-8' encoding to copy filtered resources.
2021-08-09 21:45:13,419 [Worker-23: ビルド] INFO  o.e.m.c.i.embedder.EclipseLogger - Using 'UTF-8' encoding to copy filtered properties files.
2021-08-09 21:45:13,419 [Worker-23: ビルド] INFO  o.e.m.c.i.embedder.EclipseLogger - Copying 0 resource
2021-08-09 21:45:13,419 [Worker-23: ビルド] INFO  o.e.m.c.i.embedder.EclipseLogger - Copying 1 resource
2021-08-09 21:45:13,421 [Worker-23: ビルド] INFO  o.e.m.c.i.embedder.EclipseLogger - Using 'UTF-8' encoding to copy filtered resources.
2021-08-09 21:45:13,421 [Worker-23: ビルド] INFO  o.e.m.c.i.embedder.EclipseLogger - Using 'UTF-8' encoding to copy filtered properties files.
2021-08-09 21:45:13,421 [Worker-23: ビルド] INFO  o.e.m.c.i.embedder.EclipseLogger - skip non existing resourceDirectory /Users/fumi/Desktop/Java/SpringBoot2.5/spring-boot2.5/src/test/resources
2021-08-09 21:49:51,759 [Worker-14: ビルド] INFO  o.e.m.c.i.embedder.EclipseLogger - Using 'UTF-8' encoding to copy filtered resources.
2021-08-09 21:49:51,760 [Worker-14: ビルド] INFO  o.e.m.c.i.embedder.EclipseLogger - Using 'UTF-8' encoding to copy filtered properties files.
2021-08-09 21:49:51,761 [Worker-14: ビルド] INFO  o.e.m.c.i.embedder.EclipseLogger - Copying 1 resource
2021-08-09 21:49:51,822 [Worker-14: ビルド] INFO  o.e.m.c.i.embedder.EclipseLogger - Copying 1 resource
2021-08-09 21:49:51,824 [Worker-14: ビルド] INFO  o.e.m.c.i.embedder.EclipseLogger - Using 'UTF-8' encoding to copy filtered resources.
2021-08-09 21:49:51,824 [Worker-14: ビルド] INFO  o.e.m.c.i.embedder.EclipseLogger - Using 'UTF-8' encoding to copy filtered properties files.
2021-08-09 21:49:51,824 [Worker-14: ビルド] INFO  o.e.m.c.i.embedder.EclipseLogger - skip non existing resourceDirectory /Users/fumi/Desktop/Java/SpringBoot2.5/spring-boot2.5/src/test/resources
2021-08-10 11:55:00,160 [Worker-97: ビルド] INFO  o.e.m.c.i.embedder.EclipseLogger - Using 'UTF-8' encoding to copy filtered resources.
2021-08-10 11:55:00,161 [Worker-97: ビルド] INFO  o.e.m.c.i.embedder.EclipseLogger - Using 'UTF-8' encoding to copy filtered properties files.
2021-08-10 11:55:00,162 [Worker-97: ビルド] INFO  o.e.m.c.i.embedder.EclipseLogger - Copying 1 resource
2021-08-10 11:55:00,247 [Worker-97: ビルド] INFO  o.e.m.c.i.embedder.EclipseLogger - Copying 1 resource
2021-08-10 11:55:00,250 [Worker-97: ビルド] INFO  o.e.m.c.i.embedder.EclipseLogger - Using 'UTF-8' encoding to copy filtered resources.
2021-08-10 11:55:00,250 [Worker-97: ビルド] INFO  o.e.m.c.i.embedder.EclipseLogger - Using 'UTF-8' encoding to copy filtered properties files.
2021-08-10 11:55:00,251 [Worker-97: ビルド] INFO  o.e.m.c.i.embedder.EclipseLogger - skip non existing resourceDirectory /Users/fumi/Desktop/Java/SpringBoot2.5/spring-boot2.5/src/test/resources
2021-08-10 11:56:50,990 [Worker-105: ビルド] INFO  o.e.m.c.i.embedder.EclipseLogger - Using 'UTF-8' encoding to copy filtered resources.
2021-08-10 11:56:50,991 [Worker-105: ビルド] INFO  o.e.m.c.i.embedder.EclipseLogger - Using 'UTF-8' encoding to copy filtered properties files.
2021-08-10 11:56:50,991 [Worker-105: ビルド] INFO  o.e.m.c.i.embedder.EclipseLogger - Copying 1 resource
2021-08-10 11:56:50,997 [Worker-105: ビルド] INFO  o.e.m.c.i.embedder.EclipseLogger - Copying 1 resource
2021-08-10 11:56:50,999 [Worker-105: ビルド] INFO  o.e.m.c.i.embedder.EclipseLogger - Using 'UTF-8' encoding to copy filtered resources.
2021-08-10 11:56:50,999 [Worker-105: ビルド] INFO  o.e.m.c.i.embedder.EclipseLogger - Using 'UTF-8' encoding to copy filtered properties files.
2021-08-10 11:56:50,999 [Worker-105: ビルド] INFO  o.e.m.c.i.embedder.EclipseLogger - skip non existing resourceDirectory /Users/fumi/Desktop/Java/SpringBoot2.5/spring-boot2.5/src/test/resources
2021-08-10 11:59:22,291 [Worker-104: ビルド] INFO  o.e.m.c.i.embedder.EclipseLogger - Using 'UTF-8' encoding to copy filtered resources.
2021-08-10 11:59:22,292 [Worker-104: ビルド] INFO  o.e.m.c.i.embedder.EclipseLogger - Using 'UTF-8' encoding to copy filtered properties files.
2021-08-10 11:59:22,292 [Worker-104: ビルド] INFO  o.e.m.c.i.embedder.EclipseLogger - Copying 0 resource
2021-08-10 11:59:22,292 [Worker-104: ビルド] INFO  o.e.m.c.i.embedder.EclipseLogger - Copying 1 resource
2021-08-10 11:59:22,296 [Worker-104: ビルド] INFO  o.e.m.c.i.embedder.EclipseLogger - Using 'UTF-8' encoding to copy filtered resources.
2021-08-10 11:59:22,296 [Worker-104: ビルド] INFO  o.e.m.c.i.embedder.EclipseLogger - Using 'UTF-8' encoding to copy filtered properties files.
2021-08-10 11:59:22,296 [Worker-104: ビルド] INFO  o.e.m.c.i.embedder.EclipseLogger - skip non existing resourceDirectory /Users/fumi/Desktop/Java/SpringBoot2.5/spring-boot2.5/src/test/resources
2021-08-10 12:01:53,465 [Worker-111: ビルド] INFO  o.e.m.c.i.embedder.EclipseLogger - Using 'UTF-8' encoding to copy filtered resources.
2021-08-10 12:01:53,467 [Worker-111: ビルド] INFO  o.e.m.c.i.embedder.EclipseLogger - Using 'UTF-8' encoding to copy filtered properties files.
2021-08-10 12:01:53,469 [Worker-111: ビルド] INFO  o.e.m.c.i.embedder.EclipseLogger - Copying 1 resource
2021-08-10 12:01:53,526 [Worker-111: ビルド] INFO  o.e.m.c.i.embedder.EclipseLogger - Copying 1 resource
2021-08-10 12:01:53,542 [Worker-111: ビルド] INFO  o.e.m.c.i.embedder.EclipseLogger - Using 'UTF-8' encoding to copy filtered resources.
2021-08-10 12:01:53,542 [Worker-111: ビルド] INFO  o.e.m.c.i.embedder.EclipseLogger - Using 'UTF-8' encoding to copy filtered properties files.
2021-08-10 12:01:53,542 [Worker-111: ビルド] INFO  o.e.m.c.i.embedder.EclipseLogger - skip non existing resourceDirectory /Users/fumi/Desktop/Java/SpringBoot2.5/spring-boot2.5/src/test/resources
2021-08-10 12:03:55,057 [Worker-110: ビルド] INFO  o.e.m.c.i.embedder.EclipseLogger - Using 'UTF-8' encoding to copy filtered resources.
2021-08-10 12:03:55,057 [Worker-110: ビルド] INFO  o.e.m.c.i.embedder.EclipseLogger - Using 'UTF-8' encoding to copy filtered properties files.
2021-08-10 12:03:55,058 [Worker-110: ビルド] INFO  o.e.m.c.i.embedder.EclipseLogger - Copying 1 resource
2021-08-10 12:03:55,123 [Worker-110: ビルド] INFO  o.e.m.c.i.embedder.EclipseLogger - Copying 1 resource
2021-08-10 12:03:55,125 [Worker-110: ビルド] INFO  o.e.m.c.i.embedder.EclipseLogger - Using 'UTF-8' encoding to copy filtered resources.
2021-08-10 12:03:55,125 [Worker-110: ビルド] INFO  o.e.m.c.i.embedder.EclipseLogger - Using 'UTF-8' encoding to copy filtered properties files.
2021-08-10 12:03:55,125 [Worker-110: ビルド] INFO  o.e.m.c.i.embedder.EclipseLogger - skip non existing resourceDirectory /Users/fumi/Desktop/Java/SpringBoot2.5/spring-boot2.5/src/test/resources
2021-08-10 13:06:35,854 [Worker-119: 入門コンテンツのインポート] INFO  o.e.m.c.i.l.LifecycleMappingFactory - Using org.eclipse.m2e.jdt.JarLifecycleMapping lifecycle mapping for MavenProject: com.example:spring-boot2.5-2:0.0.1-SNAPSHOT @ /Users/fumi/Desktop/Java/SpringBoot2.5/spring-boot2.5-2/pom.xml.
2021-08-10 13:06:36,356 [Worker-119: 入門コンテンツのインポート] INFO  o.e.m.j.i.AbstractJavaProjectConfigurator - Adding source folder /spring-boot2.5-2/src/main/java
2021-08-10 13:06:36,356 [Worker-119: 入門コンテンツのインポート] INFO  o.e.m.j.i.AbstractJavaProjectConfigurator - Adding resource folder /spring-boot2.5-2/src/main/resources
2021-08-10 13:06:36,360 [Worker-119: 入門コンテンツのインポート] INFO  o.e.m.j.i.AbstractJavaProjectConfigurator - Adding resource folder /spring-boot2.5-2/src/main/resources
2021-08-10 13:06:36,367 [Worker-119: 入門コンテンツのインポート] INFO  o.e.m.j.i.AbstractJavaProjectConfigurator - Adding source folder /spring-boot2.5-2/src/test/java
2021-08-10 13:06:36,658 [Worker-119: 入門コンテンツのインポート] INFO  o.e.m.c.i.p.ProjectConfigurationManager - Imported and configured 1 project(s) in 1 sec
2021-08-10 13:06:36,659 [Worker-119: 入門コンテンツのインポート] INFO  o.e.m.c.i.p.ProjectConfigurationManager - Update started
2021-08-10 13:06:36,978 [Worker-119: 入門コンテンツのインポート] INFO  o.e.m.c.i.l.LifecycleMappingFactory - Using org.eclipse.m2e.jdt.JarLifecycleMapping lifecycle mapping for MavenProject: com.example:spring-boot2.5-2:0.0.1-SNAPSHOT @ /Users/fumi/Desktop/Java/SpringBoot2.5/spring-boot2.5-2/pom.xml.
2021-08-10 13:06:37,233 [Worker-119: 入門コンテンツのインポート] INFO  o.e.m.j.i.AbstractJavaProjectConfigurator - Adding source folder /spring-boot2.5-2/src/main/java
2021-08-10 13:06:37,234 [Worker-119: 入門コンテンツのインポート] INFO  o.e.m.j.i.AbstractJavaProjectConfigurator - Adding resource folder /spring-boot2.5-2/src/main/resources
2021-08-10 13:06:37,239 [Worker-119: 入門コンテンツのインポート] INFO  o.e.m.j.i.AbstractJavaProjectConfigurator - Adding resource folder /spring-boot2.5-2/src/main/resources
2021-08-10 13:06:37,256 [Worker-119: 入門コンテンツのインポート] INFO  o.e.m.j.i.AbstractJavaProjectConfigurator - Adding source folder /spring-boot2.5-2/src/test/java
2021-08-10 13:06:37,895 [Worker-119: 入門コンテンツのインポート] INFO  o.e.m.c.i.p.ProjectConfigurationManager - Update completed: 1 sec
2021-08-10 13:06:39,102 [Worker-123: Maven プロジェクトの更新中] INFO  o.e.m.c.i.p.ProjectConfigurationManager - Update started
2021-08-10 13:06:39,540 [Worker-123: Maven プロジェクトの更新中] INFO  o.e.m.c.i.l.LifecycleMappingFactory - Using org.eclipse.m2e.jdt.JarLifecycleMapping lifecycle mapping for MavenProject: com.example:spring-boot2.5-2:0.0.1-SNAPSHOT @ /Users/fumi/Desktop/Java/SpringBoot2.5/spring-boot2.5-2/pom.xml.
2021-08-10 13:06:39,737 [Worker-123: Maven プロジェクトの更新中] INFO  o.e.m.j.i.AbstractJavaProjectConfigurator - Adding source folder /spring-boot2.5-2/src/main/java
2021-08-10 13:06:39,737 [Worker-123: Maven プロジェクトの更新中] INFO  o.e.m.j.i.AbstractJavaProjectConfigurator - Adding resource folder /spring-boot2.5-2/src/main/resources
2021-08-10 13:06:39,738 [Worker-123: Maven プロジェクトの更新中] INFO  o.e.m.j.i.AbstractJavaProjectConfigurator - Adding resource folder /spring-boot2.5-2/src/main/resources
2021-08-10 13:06:39,738 [Worker-123: Maven プロジェクトの更新中] INFO  o.e.m.j.i.AbstractJavaProjectConfigurator - Adding source folder /spring-boot2.5-2/src/test/java
2021-08-10 13:06:39,933 [Worker-123: Maven プロジェクトの更新中] INFO  o.e.m.c.i.p.ProjectConfigurationManager - Update completed: 0 sec
2021-08-10 13:06:39,984 [Worker-118: Maven プロジェクトの更新中] INFO  o.e.m.c.i.p.ProjectConfigurationManager - Update started
2021-08-10 13:06:40,189 [Worker-118: Maven プロジェクトの更新中] INFO  o.e.m.c.i.l.LifecycleMappingFactory - Using org.eclipse.m2e.jdt.JarLifecycleMapping lifecycle mapping for MavenProject: com.example:spring-boot2.5-2:0.0.1-SNAPSHOT @ /Users/fumi/Desktop/Java/SpringBoot2.5/spring-boot2.5-2/pom.xml.
2021-08-10 13:06:40,326 [Worker-118: Maven プロジェクトの更新中] INFO  o.e.m.j.i.AbstractJavaProjectConfigurator - Adding source folder /spring-boot2.5-2/src/main/java
2021-08-10 13:06:40,326 [Worker-118: Maven プロジェクトの更新中] INFO  o.e.m.j.i.AbstractJavaProjectConfigurator - Adding resource folder /spring-boot2.5-2/src/main/resources
2021-08-10 13:06:40,326 [Worker-118: Maven プロジェクトの更新中] INFO  o.e.m.j.i.AbstractJavaProjectConfigurator - Adding resource folder /spring-boot2.5-2/src/main/resources
2021-08-10 13:06:40,326 [Worker-118: Maven プロジェクトの更新中] INFO  o.e.m.j.i.AbstractJavaProjectConfigurator - Adding source folder /spring-boot2.5-2/src/test/java
2021-08-10 13:06:40,463 [Worker-118: Maven プロジェクトの更新中] INFO  o.e.m.c.i.p.ProjectConfigurationManager - Update completed: 0 sec
2021-08-10 13:06:40,787 [Worker-119: Maven プロジェクトの更新中] INFO  o.e.m.c.i.p.ProjectConfigurationManager - Update started
2021-08-10 13:06:41,008 [Worker-119: Maven プロジェクトの更新中] INFO  o.e.m.c.i.l.LifecycleMappingFactory - Using org.eclipse.m2e.jdt.JarLifecycleMapping lifecycle mapping for MavenProject: com.example:spring-boot2.5-2:0.0.1-SNAPSHOT @ /Users/fumi/Desktop/Java/SpringBoot2.5/spring-boot2.5-2/pom.xml.
2021-08-10 13:06:41,141 [Worker-119: Maven プロジェクトの更新中] INFO  o.e.m.j.i.AbstractJavaProjectConfigurator - Adding source folder /spring-boot2.5-2/src/main/java
2021-08-10 13:06:41,142 [Worker-119: Maven プロジェクトの更新中] INFO  o.e.m.j.i.AbstractJavaProjectConfigurator - Adding resource folder /spring-boot2.5-2/src/main/resources
2021-08-10 13:06:41,142 [Worker-119: Maven プロジェクトの更新中] INFO  o.e.m.j.i.AbstractJavaProjectConfigurator - Adding resource folder /spring-boot2.5-2/src/main/resources
2021-08-10 13:06:41,142 [Worker-119: Maven プロジェクトの更新中] INFO  o.e.m.j.i.AbstractJavaProjectConfigurator - Adding source folder /spring-boot2.5-2/src/test/java
2021-08-10 13:06:41,313 [Worker-119: Maven プロジェクトの更新中] INFO  o.e.m.c.i.p.ProjectConfigurationManager - Update completed: 0 sec
2021-08-10 13:06:41,323 [Worker-123: Maven プロジェクトの更新中] INFO  o.e.m.c.i.p.ProjectConfigurationManager - Update started
2021-08-10 13:06:41,519 [Worker-123: Maven プロジェクトの更新中] INFO  o.e.m.c.i.l.LifecycleMappingFactory - Using org.eclipse.m2e.jdt.JarLifecycleMapping lifecycle mapping for MavenProject: com.example:spring-boot2.5-2:0.0.1-SNAPSHOT @ /Users/fumi/Desktop/Java/SpringBoot2.5/spring-boot2.5-2/pom.xml.
2021-08-10 13:06:41,687 [Worker-123: Maven プロジェクトの更新中] INFO  o.e.m.j.i.AbstractJavaProjectConfigurator - Adding source folder /spring-boot2.5-2/src/main/java
2021-08-10 13:06:41,687 [Worker-123: Maven プロジェクトの更新中] INFO  o.e.m.j.i.AbstractJavaProjectConfigurator - Adding resource folder /spring-boot2.5-2/src/main/resources
2021-08-10 13:06:41,687 [Worker-123: Maven プロジェクトの更新中] INFO  o.e.m.j.i.AbstractJavaProjectConfigurator - Adding resource folder /spring-boot2.5-2/src/main/resources
2021-08-10 13:06:41,687 [Worker-123: Maven プロジェクトの更新中] INFO  o.e.m.j.i.AbstractJavaProjectConfigurator - Adding source folder /spring-boot2.5-2/src/test/java
2021-08-10 13:06:41,833 [Worker-123: Maven プロジェクトの更新中] INFO  o.e.m.c.i.p.ProjectConfigurationManager - Update completed: 0 sec
2021-08-10 13:06:42,323 [Worker-121: ビルド] INFO  o.e.m.c.i.embedder.EclipseLogger - Using 'UTF-8' encoding to copy filtered resources.
2021-08-10 13:06:42,323 [Worker-121: ビルド] INFO  o.e.m.c.i.embedder.EclipseLogger - Using 'UTF-8' encoding to copy filtered properties files.
2021-08-10 13:06:42,324 [Worker-121: ビルド] INFO  o.e.m.c.i.embedder.EclipseLogger - Copying 1 resource
2021-08-10 13:06:42,325 [Worker-121: ビルド] INFO  o.e.m.c.i.embedder.EclipseLogger - Copying 0 resource
2021-08-10 13:06:42,327 [Worker-121: ビルド] INFO  o.e.m.c.i.embedder.EclipseLogger - Using 'UTF-8' encoding to copy filtered resources.
2021-08-10 13:06:42,327 [Worker-121: ビルド] INFO  o.e.m.c.i.embedder.EclipseLogger - Using 'UTF-8' encoding to copy filtered properties files.
2021-08-10 13:06:42,327 [Worker-121: ビルド] INFO  o.e.m.c.i.embedder.EclipseLogger - skip non existing resourceDirectory /Users/fumi/Desktop/Java/SpringBoot2.5/spring-boot2.5-2/src/test/resources
2021-08-10 13:11:14,980 [Worker-125: ビルド] INFO  o.e.m.c.i.embedder.EclipseLogger - Using 'UTF-8' encoding to copy filtered resources.
2021-08-10 13:11:14,980 [Worker-125: ビルド] INFO  o.e.m.c.i.embedder.EclipseLogger - Using 'UTF-8' encoding to copy filtered properties files.
2021-08-10 13:11:14,981 [Worker-125: ビルド] INFO  o.e.m.c.i.embedder.EclipseLogger - Copying 1 resource
2021-08-10 13:11:14,985 [Worker-125: ビルド] INFO  o.e.m.c.i.embedder.EclipseLogger - Copying 0 resource
2021-08-10 13:11:14,987 [Worker-125: ビルド] INFO  o.e.m.c.i.embedder.EclipseLogger - Using 'UTF-8' encoding to copy filtered resources.
2021-08-10 13:11:14,987 [Worker-125: ビルド] INFO  o.e.m.c.i.embedder.EclipseLogger - Using 'UTF-8' encoding to copy filtered properties files.
2021-08-10 13:11:14,987 [Worker-125: ビルド] INFO  o.e.m.c.i.embedder.EclipseLogger - skip non existing resourceDirectory /Users/fumi/Desktop/Java/SpringBoot2.5/spring-boot2.5-2/src/test/resources
2021-08-10 13:11:30,038 [Worker-125: ビルド] INFO  o.e.m.c.i.embedder.EclipseLogger - Using 'UTF-8' encoding to copy filtered resources.
2021-08-10 13:11:30,038 [Worker-125: ビルド] INFO  o.e.m.c.i.embedder.EclipseLogger - Using 'UTF-8' encoding to copy filtered properties files.
2021-08-10 13:11:30,038 [Worker-125: ビルド] INFO  o.e.m.c.i.embedder.EclipseLogger - Copying 1 resource
2021-08-10 13:11:30,042 [Worker-125: ビルド] INFO  o.e.m.c.i.embedder.EclipseLogger - Copying 0 resource
2021-08-10 13:11:30,045 [Worker-125: ビルド] INFO  o.e.m.c.i.embedder.EclipseLogger - Using 'UTF-8' encoding to copy filtered resources.
2021-08-10 13:11:30,045 [Worker-125: ビルド] INFO  o.e.m.c.i.embedder.EclipseLogger - Using 'UTF-8' encoding to copy filtered properties files.
2021-08-10 13:11:30,045 [Worker-125: ビルド] INFO  o.e.m.c.i.embedder.EclipseLogger - skip non existing resourceDirectory /Users/fumi/Desktop/Java/SpringBoot2.5/spring-boot2.5-2/src/test/resources
2021-08-10 13:12:55,071 [Worker-127: ビルド] INFO  o.e.m.c.i.embedder.EclipseLogger - Using 'UTF-8' encoding to copy filtered resources.
2021-08-10 13:12:55,072 [Worker-127: ビルド] INFO  o.e.m.c.i.embedder.EclipseLogger - Using 'UTF-8' encoding to copy filtered properties files.
2021-08-10 13:12:55,072 [Worker-127: ビルド] INFO  o.e.m.c.i.embedder.EclipseLogger - Copying 1 resource
2021-08-10 13:12:55,075 [Worker-127: ビルド] INFO  o.e.m.c.i.embedder.EclipseLogger - Copying 0 resource
2021-08-10 13:12:55,078 [Worker-127: ビルド] INFO  o.e.m.c.i.embedder.EclipseLogger - Using 'UTF-8' encoding to copy filtered resources.
2021-08-10 13:12:55,078 [Worker-127: ビルド] INFO  o.e.m.c.i.embedder.EclipseLogger - Using 'UTF-8' encoding to copy filtered properties files.
2021-08-10 13:12:55,078 [Worker-127: ビルド] INFO  o.e.m.c.i.embedder.EclipseLogger - skip non existing resourceDirectory /Users/fumi/Desktop/Java/SpringBoot2.5/spring-boot2.5-2/src/test/resources
2021-08-10 13:13:56,444 [Worker-128: ビルド] INFO  o.e.m.c.i.embedder.EclipseLogger - Using 'UTF-8' encoding to copy filtered resources.
2021-08-10 13:13:56,444 [Worker-128: ビルド] INFO  o.e.m.c.i.embedder.EclipseLogger - Using 'UTF-8' encoding to copy filtered properties files.
2021-08-10 13:13:56,445 [Worker-128: ビルド] INFO  o.e.m.c.i.embedder.EclipseLogger - Copying 1 resource
2021-08-10 13:13:56,519 [Worker-128: ビルド] INFO  o.e.m.c.i.embedder.EclipseLogger - Copying 0 resource
2021-08-10 13:13:56,535 [Worker-128: ビルド] INFO  o.e.m.c.i.embedder.EclipseLogger - Using 'UTF-8' encoding to copy filtered resources.
2021-08-10 13:13:56,535 [Worker-128: ビルド] INFO  o.e.m.c.i.embedder.EclipseLogger - Using 'UTF-8' encoding to copy filtered properties files.
2021-08-10 13:13:56,535 [Worker-128: ビルド] INFO  o.e.m.c.i.embedder.EclipseLogger - skip non existing resourceDirectory /Users/fumi/Desktop/Java/SpringBoot2.5/spring-boot2.5-2/src/test/resources
2021-08-10 13:14:14,529 [Worker-123: ビルド] INFO  o.e.m.c.i.embedder.EclipseLogger - Using 'UTF-8' encoding to copy filtered resources.
2021-08-10 13:14:14,529 [Worker-123: ビルド] INFO  o.e.m.c.i.embedder.EclipseLogger - Using 'UTF-8' encoding to copy filtered properties files.
2021-08-10 13:14:14,531 [Worker-123: ビルド] INFO  o.e.m.c.i.embedder.EclipseLogger - Copying 1 resource
2021-08-10 13:14:14,539 [Worker-123: ビルド] INFO  o.e.m.c.i.embedder.EclipseLogger - Copying 0 resource
2021-08-10 13:14:14,540 [Worker-123: ビルド] INFO  o.e.m.c.i.embedder.EclipseLogger - Using 'UTF-8' encoding to copy filtered resources.
2021-08-10 13:14:14,540 [Worker-123: ビルド] INFO  o.e.m.c.i.embedder.EclipseLogger - Using 'UTF-8' encoding to copy filtered properties files.
2021-08-10 13:14:14,541 [Worker-123: ビルド] INFO  o.e.m.c.i.embedder.EclipseLogger - skip non existing resourceDirectory /Users/fumi/Desktop/Java/SpringBoot2.5/spring-boot2.5-2/src/test/resources
2021-08-10 13:14:50,810 [Worker-126: ビルド] INFO  o.e.m.c.i.embedder.EclipseLogger - Using 'UTF-8' encoding to copy filtered resources.
2021-08-10 13:14:50,810 [Worker-126: ビルド] INFO  o.e.m.c.i.embedder.EclipseLogger - Using 'UTF-8' encoding to copy filtered properties files.
2021-08-10 13:14:50,811 [Worker-126: ビルド] INFO  o.e.m.c.i.embedder.EclipseLogger - Copying 1 resource
2021-08-10 13:14:50,817 [Worker-126: ビルド] INFO  o.e.m.c.i.embedder.EclipseLogger - Copying 0 resource
2021-08-10 13:14:50,818 [Worker-126: ビルド] INFO  o.e.m.c.i.embedder.EclipseLogger - Using 'UTF-8' encoding to copy filtered resources.
2021-08-10 13:14:50,818 [Worker-126: ビルド] INFO  o.e.m.c.i.embedder.EclipseLogger - Using 'UTF-8' encoding to copy filtered properties files.
2021-08-10 13:14:50,818 [Worker-126: ビルド] INFO  o.e.m.c.i.embedder.EclipseLogger - skip non existing resourceDirectory /Users/fumi/Desktop/Java/SpringBoot2.5/spring-boot2.5-2/src/test/resources
2021-08-10 13:25:53,797 [Worker-130: ビルド] INFO  o.e.m.c.i.embedder.EclipseLogger - Using 'UTF-8' encoding to copy filtered resources.
2021-08-10 13:25:53,798 [Worker-130: ビルド] INFO  o.e.m.c.i.embedder.EclipseLogger - Using 'UTF-8' encoding to copy filtered properties files.
2021-08-10 13:25:53,799 [Worker-130: ビルド] INFO  o.e.m.c.i.embedder.EclipseLogger - Copying 0 resource
2021-08-10 13:25:53,799 [Worker-130: ビルド] INFO  o.e.m.c.i.embedder.EclipseLogger - Copying 1 resource
2021-08-10 13:25:53,803 [Worker-130: ビルド] INFO  o.e.m.c.i.embedder.EclipseLogger - Using 'UTF-8' encoding to copy filtered resources.
2021-08-10 13:25:53,803 [Worker-130: ビルド] INFO  o.e.m.c.i.embedder.EclipseLogger - Using 'UTF-8' encoding to copy filtered properties files.
2021-08-10 13:25:53,803 [Worker-130: ビルド] INFO  o.e.m.c.i.embedder.EclipseLogger - skip non existing resourceDirectory /Users/fumi/Desktop/Java/SpringBoot2.5/spring-boot2.5-2/src/test/resources
2021-08-10 13:29:19,630 [Worker-130: ビルド] INFO  o.e.m.c.i.embedder.EclipseLogger - Using 'UTF-8' encoding to copy filtered resources.
2021-08-10 13:29:19,631 [Worker-130: ビルド] INFO  o.e.m.c.i.embedder.EclipseLogger - Using 'UTF-8' encoding to copy filtered properties files.
2021-08-10 13:29:19,632 [Worker-130: ビルド] INFO  o.e.m.c.i.embedder.EclipseLogger - Copying 0 resource
2021-08-10 13:29:19,634 [Worker-130: ビルド] INFO  o.e.m.c.i.embedder.EclipseLogger - Copying 1 resource
2021-08-10 13:29:19,641 [Worker-130: ビルド] INFO  o.e.m.c.i.embedder.EclipseLogger - Using 'UTF-8' encoding to copy filtered resources.
2021-08-10 13:29:19,641 [Worker-130: ビルド] INFO  o.e.m.c.i.embedder.EclipseLogger - Using 'UTF-8' encoding to copy filtered properties files.
2021-08-10 13:29:19,641 [Worker-130: ビルド] INFO  o.e.m.c.i.embedder.EclipseLogger - skip non existing resourceDirectory /Users/fumi/Desktop/Java/SpringBoot2.5/spring-boot2.5-2/src/test/resources
2021-08-10 13:34:57,917 [Worker-133: spring-boot2.5-2 - Application の起動] INFO  o.e.m.c.i.embedder.EclipseLogger - Using 'UTF-8' encoding to copy filtered resources.
2021-08-10 13:34:57,918 [Worker-133: spring-boot2.5-2 - Application の起動] INFO  o.e.m.c.i.embedder.EclipseLogger - Using 'UTF-8' encoding to copy filtered properties files.
2021-08-10 13:34:57,918 [Worker-133: spring-boot2.5-2 - Application の起動] INFO  o.e.m.c.i.embedder.EclipseLogger - Copying 0 resource
2021-08-10 13:34:57,919 [Worker-133: spring-boot2.5-2 - Application の起動] INFO  o.e.m.c.i.embedder.EclipseLogger - Copying 2 resources
2021-08-10 13:34:57,927 [Worker-133: spring-boot2.5-2 - Application の起動] INFO  o.e.m.c.i.embedder.EclipseLogger - Using 'UTF-8' encoding to copy filtered resources.
2021-08-10 13:34:57,927 [Worker-133: spring-boot2.5-2 - Application の起動] INFO  o.e.m.c.i.embedder.EclipseLogger - Using 'UTF-8' encoding to copy filtered properties files.
2021-08-10 13:34:57,927 [Worker-133: spring-boot2.5-2 - Application の起動] INFO  o.e.m.c.i.embedder.EclipseLogger - skip non existing resourceDirectory /Users/fumi/Desktop/Java/SpringBoot2.5/spring-boot2.5-2/src/test/resources
2021-08-11 15:30:21,941 [Worker-5: Loading available Gradle versions] INFO  o.e.b.c.i.u.g.PublishedGradleVersions - Gradle version information cache is out-of-date. Trying to update.
2021-08-11 15:33:47,188 [Worker-8: Maven プロジェクトのインポート中] INFO  o.e.m.c.i.l.LifecycleMappingFactory - Using org.eclipse.m2e.jdt.JarLifecycleMapping lifecycle mapping for MavenProject: com.example:demo:0.0.1-SNAPSHOT @ /Users/fumi/Downloads/demo/pom.xml.
2021-08-11 15:33:48,310 [Worker-8: Maven プロジェクトのインポート中] INFO  o.e.m.j.i.AbstractJavaProjectConfigurator - Adding source folder /demo/src/main/java
2021-08-11 15:33:48,310 [Worker-8: Maven プロジェクトのインポート中] INFO  o.e.m.j.i.AbstractJavaProjectConfigurator - Adding resource folder /demo/src/main/resources
2021-08-11 15:33:48,313 [Worker-8: Maven プロジェクトのインポート中] INFO  o.e.m.j.i.AbstractJavaProjectConfigurator - Adding resource folder /demo/src/main/resources
2021-08-11 15:33:48,315 [Worker-8: Maven プロジェクトのインポート中] INFO  o.e.m.j.i.AbstractJavaProjectConfigurator - Adding source folder /demo/src/test/java
2021-08-11 15:33:48,438 [Worker-8: Maven プロジェクトのインポート中] INFO  o.e.m.c.i.p.ProjectConfigurationManager - Imported and configured 1 project(s) in 2 sec
2021-08-11 15:33:49,026 [Worker-12: ビルド] INFO  o.e.m.c.i.embedder.EclipseLogger - Using 'UTF-8' encoding to copy filtered resources.
2021-08-11 15:33:49,026 [Worker-12: ビルド] INFO  o.e.m.c.i.embedder.EclipseLogger - Using 'UTF-8' encoding to copy filtered properties files.
2021-08-11 15:33:49,030 [Worker-12: ビルド] INFO  o.e.m.c.i.embedder.EclipseLogger - Copying 1 resource
2021-08-11 15:33:49,041 [Worker-12: ビルド] INFO  o.e.m.c.i.embedder.EclipseLogger - Copying 0 resource
2021-08-11 15:33:49,044 [Worker-12: ビルド] INFO  o.e.m.c.i.embedder.EclipseLogger - Using 'UTF-8' encoding to copy filtered resources.
2021-08-11 15:33:49,044 [Worker-12: ビルド] INFO  o.e.m.c.i.embedder.EclipseLogger - Using 'UTF-8' encoding to copy filtered properties files.
2021-08-11 15:33:49,044 [Worker-12: ビルド] INFO  o.e.m.c.i.embedder.EclipseLogger - skip non existing resourceDirectory /Users/fumi/Downloads/demo/src/test/resources
2021-08-11 16:07:15,933 [Worker-18: 入門コンテンツのインポート] INFO  o.e.m.c.i.l.LifecycleMappingFactory - Using org.eclipse.m2e.jdt.JarLifecycleMapping lifecycle mapping for MavenProject: com.example:spring-mvc1:0.0.1-SNAPSHOT @ /Users/fumi/Desktop/Java/SpringBoot2.5/spring-mvc1/pom.xml.
2021-08-11 16:07:16,267 [Worker-18: 入門コンテンツのインポート] INFO  o.e.m.j.i.AbstractJavaProjectConfigurator - Adding source folder /spring-mvc1/src/main/java
2021-08-11 16:07:16,268 [Worker-18: 入門コンテンツのインポート] INFO  o.e.m.j.i.AbstractJavaProjectConfigurator - Adding resource folder /spring-mvc1/src/main/resources
2021-08-11 16:07:16,272 [Worker-18: 入門コンテンツのインポート] INFO  o.e.m.j.i.AbstractJavaProjectConfigurator - Adding resource folder /spring-mvc1/src/main/resources
2021-08-11 16:07:16,278 [Worker-18: 入門コンテンツのインポート] INFO  o.e.m.j.i.AbstractJavaProjectConfigurator - Adding source folder /spring-mvc1/src/test/java
2021-08-11 16:07:16,439 [Worker-18: 入門コンテンツのインポート] INFO  o.e.m.c.i.p.ProjectConfigurationManager - Imported and configured 1 project(s) in 0 sec
2021-08-11 16:07:16,442 [Worker-18: 入門コンテンツのインポート] INFO  o.e.m.c.i.p.ProjectConfigurationManager - Update started
2021-08-11 16:07:16,605 [Worker-18: 入門コンテンツのインポート] INFO  o.e.m.c.i.l.LifecycleMappingFactory - Using org.eclipse.m2e.jdt.JarLifecycleMapping lifecycle mapping for MavenProject: com.example:spring-mvc1:0.0.1-SNAPSHOT @ /Users/fumi/Desktop/Java/SpringBoot2.5/spring-mvc1/pom.xml.
2021-08-11 16:07:16,818 [Worker-18: 入門コンテンツのインポート] INFO  o.e.m.j.i.AbstractJavaProjectConfigurator - Adding source folder /spring-mvc1/src/main/java
2021-08-11 16:07:16,818 [Worker-18: 入門コンテンツのインポート] INFO  o.e.m.j.i.AbstractJavaProjectConfigurator - Adding resource folder /spring-mvc1/src/main/resources
2021-08-11 16:07:16,820 [Worker-18: 入門コンテンツのインポート] INFO  o.e.m.j.i.AbstractJavaProjectConfigurator - Adding resource folder /spring-mvc1/src/main/resources
2021-08-11 16:07:16,825 [Worker-18: 入門コンテンツのインポート] INFO  o.e.m.j.i.AbstractJavaProjectConfigurator - Adding source folder /spring-mvc1/src/test/java
2021-08-11 16:07:16,945 [Worker-18: 入門コンテンツのインポート] INFO  o.e.m.c.i.p.ProjectConfigurationManager - Update completed: 0 sec
2021-08-11 16:07:17,026 [Worker-19: Maven プロジェクトの更新中] INFO  o.e.m.c.i.p.ProjectConfigurationManager - Update started
2021-08-11 16:07:17,184 [Worker-19: Maven プロジェクトの更新中] INFO  o.e.m.c.i.l.LifecycleMappingFactory - Using org.eclipse.m2e.jdt.JarLifecycleMapping lifecycle mapping for MavenProject: com.example:spring-mvc1:0.0.1-SNAPSHOT @ /Users/fumi/Desktop/Java/SpringBoot2.5/spring-mvc1/pom.xml.
2021-08-11 16:07:17,337 [Worker-19: Maven プロジェクトの更新中] INFO  o.e.m.j.i.AbstractJavaProjectConfigurator - Adding source folder /spring-mvc1/src/main/java
2021-08-11 16:07:17,337 [Worker-19: Maven プロジェクトの更新中] INFO  o.e.m.j.i.AbstractJavaProjectConfigurator - Adding resource folder /spring-mvc1/src/main/resources
2021-08-11 16:07:17,337 [Worker-19: Maven プロジェクトの更新中] INFO  o.e.m.j.i.AbstractJavaProjectConfigurator - Adding resource folder /spring-mvc1/src/main/resources
2021-08-11 16:07:17,338 [Worker-19: Maven プロジェクトの更新中] INFO  o.e.m.j.i.AbstractJavaProjectConfigurator - Adding source folder /spring-mvc1/src/test/java
2021-08-11 16:07:17,474 [Worker-19: Maven プロジェクトの更新中] INFO  o.e.m.c.i.p.ProjectConfigurationManager - Update completed: 0 sec
2021-08-11 16:07:17,480 [Worker-19: Maven プロジェクトの更新中] INFO  o.e.m.c.i.p.ProjectConfigurationManager - Update started
2021-08-11 16:07:17,633 [Worker-19: Maven プロジェクトの更新中] INFO  o.e.m.c.i.l.LifecycleMappingFactory - Using org.eclipse.m2e.jdt.JarLifecycleMapping lifecycle mapping for MavenProject: com.example:spring-mvc1:0.0.1-SNAPSHOT @ /Users/fumi/Desktop/Java/SpringBoot2.5/spring-mvc1/pom.xml.
2021-08-11 16:07:17,782 [Worker-19: Maven プロジェクトの更新中] INFO  o.e.m.j.i.AbstractJavaProjectConfigurator - Adding source folder /spring-mvc1/src/main/java
2021-08-11 16:07:17,783 [Worker-19: Maven プロジェクトの更新中] INFO  o.e.m.j.i.AbstractJavaProjectConfigurator - Adding resource folder /spring-mvc1/src/main/resources
2021-08-11 16:07:17,783 [Worker-19: Maven プロジェクトの更新中] INFO  o.e.m.j.i.AbstractJavaProjectConfigurator - Adding resource folder /spring-mvc1/src/main/resources
2021-08-11 16:07:17,783 [Worker-19: Maven プロジェクトの更新中] INFO  o.e.m.j.i.AbstractJavaProjectConfigurator - Adding source folder /spring-mvc1/src/test/java
2021-08-11 16:07:17,902 [Worker-19: Maven プロジェクトの更新中] INFO  o.e.m.c.i.p.ProjectConfigurationManager - Update completed: 0 sec
2021-08-11 16:07:17,906 [Worker-17: Maven プロジェクトの更新中] INFO  o.e.m.c.i.p.ProjectConfigurationManager - Update started
2021-08-11 16:07:18,069 [Worker-17: Maven プロジェクトの更新中] INFO  o.e.m.c.i.l.LifecycleMappingFactory - Using org.eclipse.m2e.jdt.JarLifecycleMapping lifecycle mapping for MavenProject: com.example:spring-mvc1:0.0.1-SNAPSHOT @ /Users/fumi/Desktop/Java/SpringBoot2.5/spring-mvc1/pom.xml.
2021-08-11 16:07:18,213 [Worker-17: Maven プロジェクトの更新中] INFO  o.e.m.j.i.AbstractJavaProjectConfigurator - Adding source folder /spring-mvc1/src/main/java
2021-08-11 16:07:18,213 [Worker-17: Maven プロジェクトの更新中] INFO  o.e.m.j.i.AbstractJavaProjectConfigurator - Adding resource folder /spring-mvc1/src/main/resources
2021-08-11 16:07:18,214 [Worker-17: Maven プロジェクトの更新中] INFO  o.e.m.j.i.AbstractJavaProjectConfigurator - Adding resource folder /spring-mvc1/src/main/resources
2021-08-11 16:07:18,214 [Worker-17: Maven プロジェクトの更新中] INFO  o.e.m.j.i.AbstractJavaProjectConfigurator - Adding source folder /spring-mvc1/src/test/java
2021-08-11 16:07:18,332 [Worker-17: Maven プロジェクトの更新中] INFO  o.e.m.c.i.p.ProjectConfigurationManager - Update completed: 0 sec
2021-08-11 16:07:18,336 [Worker-22: Maven プロジェクトの更新中] INFO  o.e.m.c.i.p.ProjectConfigurationManager - Update started
2021-08-11 16:07:18,486 [Worker-22: Maven プロジェクトの更新中] INFO  o.e.m.c.i.l.LifecycleMappingFactory - Using org.eclipse.m2e.jdt.JarLifecycleMapping lifecycle mapping for MavenProject: com.example:spring-mvc1:0.0.1-SNAPSHOT @ /Users/fumi/Desktop/Java/SpringBoot2.5/spring-mvc1/pom.xml.
2021-08-11 16:07:18,682 [Worker-22: Maven プロジェクトの更新中] INFO  o.e.m.j.i.AbstractJavaProjectConfigurator - Adding source folder /spring-mvc1/src/main/java
2021-08-11 16:07:18,683 [Worker-22: Maven プロジェクトの更新中] INFO  o.e.m.j.i.AbstractJavaProjectConfigurator - Adding resource folder /spring-mvc1/src/main/resources
2021-08-11 16:07:18,683 [Worker-22: Maven プロジェクトの更新中] INFO  o.e.m.j.i.AbstractJavaProjectConfigurator - Adding resource folder /spring-mvc1/src/main/resources
2021-08-11 16:07:18,683 [Worker-22: Maven プロジェクトの更新中] INFO  o.e.m.j.i.AbstractJavaProjectConfigurator - Adding source folder /spring-mvc1/src/test/java
2021-08-11 16:07:18,795 [Worker-22: Maven プロジェクトの更新中] INFO  o.e.m.c.i.p.ProjectConfigurationManager - Update completed: 0 sec
2021-08-11 16:07:19,106 [Worker-21: ビルド] INFO  o.e.m.c.i.embedder.EclipseLogger - Using 'UTF-8' encoding to copy filtered resources.
2021-08-11 16:07:19,106 [Worker-21: ビルド] INFO  o.e.m.c.i.embedder.EclipseLogger - Using 'UTF-8' encoding to copy filtered properties files.
2021-08-11 16:07:19,107 [Worker-21: ビルド] INFO  o.e.m.c.i.embedder.EclipseLogger - Copying 1 resource
2021-08-11 16:07:19,108 [Worker-21: ビルド] INFO  o.e.m.c.i.embedder.EclipseLogger - Copying 0 resource
2021-08-11 16:07:19,109 [Worker-21: ビルド] INFO  o.e.m.c.i.embedder.EclipseLogger - Using 'UTF-8' encoding to copy filtered resources.
2021-08-11 16:07:19,109 [Worker-21: ビルド] INFO  o.e.m.c.i.embedder.EclipseLogger - Using 'UTF-8' encoding to copy filtered properties files.
2021-08-11 16:07:19,110 [Worker-21: ビルド] INFO  o.e.m.c.i.embedder.EclipseLogger - skip non existing resourceDirectory /Users/fumi/Desktop/Java/SpringBoot2.5/spring-mvc1/src/test/resources
2021-08-11 16:08:01,895 [Worker-19: ビルド] INFO  o.e.m.c.i.embedder.EclipseLogger - Using 'UTF-8' encoding to copy filtered resources.
2021-08-11 16:08:01,896 [Worker-19: ビルド] INFO  o.e.m.c.i.embedder.EclipseLogger - Using 'UTF-8' encoding to copy filtered properties files.
2021-08-11 16:08:01,898 [Worker-19: ビルド] INFO  o.e.m.c.i.embedder.EclipseLogger - Copying 1 resource
2021-08-11 16:08:01,903 [Worker-19: ビルド] INFO  o.e.m.c.i.embedder.EclipseLogger - Copying 0 resource
2021-08-11 16:08:01,905 [Worker-19: ビルド] INFO  o.e.m.c.i.embedder.EclipseLogger - Using 'UTF-8' encoding to copy filtered resources.
2021-08-11 16:08:01,905 [Worker-19: ビルド] INFO  o.e.m.c.i.embedder.EclipseLogger - Using 'UTF-8' encoding to copy filtered properties files.
2021-08-11 16:08:01,906 [Worker-19: ビルド] INFO  o.e.m.c.i.embedder.EclipseLogger - skip non existing resourceDirectory /Users/fumi/Desktop/Java/SpringBoot2.5/spring-mvc1/src/test/resources
2021-08-11 16:10:12,575 [Worker-17: ビルド] INFO  o.e.m.c.i.embedder.EclipseLogger - Using 'UTF-8' encoding to copy filtered resources.
2021-08-11 16:10:12,576 [Worker-17: ビルド] INFO  o.e.m.c.i.embedder.EclipseLogger - Using 'UTF-8' encoding to copy filtered properties files.
2021-08-11 16:10:12,576 [Worker-17: ビルド] INFO  o.e.m.c.i.embedder.EclipseLogger - Copying 1 resource
2021-08-11 16:10:12,589 [Worker-17: ビルド] INFO  o.e.m.c.i.embedder.EclipseLogger - Copying 0 resource
2021-08-11 16:10:12,591 [Worker-17: ビルド] INFO  o.e.m.c.i.embedder.EclipseLogger - Using 'UTF-8' encoding to copy filtered resources.
2021-08-11 16:10:12,591 [Worker-17: ビルド] INFO  o.e.m.c.i.embedder.EclipseLogger - Using 'UTF-8' encoding to copy filtered properties files.
2021-08-11 16:10:12,591 [Worker-17: ビルド] INFO  o.e.m.c.i.embedder.EclipseLogger - skip non existing resourceDirectory /Users/fumi/Desktop/Java/SpringBoot2.5/spring-mvc1/src/test/resources
2021-08-11 16:13:07,803 [Worker-22: ビルド] INFO  o.e.m.c.i.embedder.EclipseLogger - Using 'UTF-8' encoding to copy filtered resources.
2021-08-11 16:13:07,803 [Worker-22: ビルド] INFO  o.e.m.c.i.embedder.EclipseLogger - Using 'UTF-8' encoding to copy filtered properties files.
2021-08-11 16:13:07,803 [Worker-22: ビルド] INFO  o.e.m.c.i.embedder.EclipseLogger - Copying 1 resource
2021-08-11 16:13:07,807 [Worker-22: ビルド] INFO  o.e.m.c.i.embedder.EclipseLogger - Copying 0 resource
2021-08-11 16:13:07,809 [Worker-22: ビルド] INFO  o.e.m.c.i.embedder.EclipseLogger - Using 'UTF-8' encoding to copy filtered resources.
2021-08-11 16:13:07,809 [Worker-22: ビルド] INFO  o.e.m.c.i.embedder.EclipseLogger - Using 'UTF-8' encoding to copy filtered properties files.
2021-08-11 16:13:07,809 [Worker-22: ビルド] INFO  o.e.m.c.i.embedder.EclipseLogger - skip non existing resourceDirectory /Users/fumi/Desktop/Java/SpringBoot2.5/spring-mvc1/src/test/resources
2021-08-11 16:13:27,408 [Worker-12: ビルド] INFO  o.e.m.c.i.embedder.EclipseLogger - Using 'UTF-8' encoding to copy filtered resources.
2021-08-11 16:13:27,408 [Worker-12: ビルド] INFO  o.e.m.c.i.embedder.EclipseLogger - Using 'UTF-8' encoding to copy filtered properties files.
2021-08-11 16:13:27,408 [Worker-12: ビルド] INFO  o.e.m.c.i.embedder.EclipseLogger - Copying 1 resource
2021-08-11 16:13:27,454 [Worker-12: ビルド] INFO  o.e.m.c.i.embedder.EclipseLogger - Copying 0 resource
2021-08-11 16:13:27,457 [Worker-12: ビルド] INFO  o.e.m.c.i.embedder.EclipseLogger - Using 'UTF-8' encoding to copy filtered resources.
2021-08-11 16:13:27,457 [Worker-12: ビルド] INFO  o.e.m.c.i.embedder.EclipseLogger - Using 'UTF-8' encoding to copy filtered properties files.
2021-08-11 16:13:27,457 [Worker-12: ビルド] INFO  o.e.m.c.i.embedder.EclipseLogger - skip non existing resourceDirectory /Users/fumi/Desktop/Java/SpringBoot2.5/spring-mvc1/src/test/resources
2021-08-11 16:14:17,948 [Worker-28: ビルド] INFO  o.e.m.c.i.embedder.EclipseLogger - Using 'UTF-8' encoding to copy filtered resources.
2021-08-11 16:14:17,948 [Worker-28: ビルド] INFO  o.e.m.c.i.embedder.EclipseLogger - Using 'UTF-8' encoding to copy filtered properties files.
2021-08-11 16:14:17,948 [Worker-28: ビルド] INFO  o.e.m.c.i.embedder.EclipseLogger - Copying 1 resource
2021-08-11 16:14:17,951 [Worker-28: ビルド] INFO  o.e.m.c.i.embedder.EclipseLogger - Copying 0 resource
2021-08-11 16:14:17,953 [Worker-28: ビルド] INFO  o.e.m.c.i.embedder.EclipseLogger - Using 'UTF-8' encoding to copy filtered resources.
2021-08-11 16:14:17,953 [Worker-28: ビルド] INFO  o.e.m.c.i.embedder.EclipseLogger - Using 'UTF-8' encoding to copy filtered properties files.
2021-08-11 16:14:17,953 [Worker-28: ビルド] INFO  o.e.m.c.i.embedder.EclipseLogger - skip non existing resourceDirectory /Users/fumi/Desktop/Java/SpringBoot2.5/spring-mvc1/src/test/resources
2021-08-11 16:15:18,462 [Worker-25: ビルド] INFO  o.e.m.c.i.embedder.EclipseLogger - Using 'UTF-8' encoding to copy filtered resources.
2021-08-11 16:15:18,462 [Worker-25: ビルド] INFO  o.e.m.c.i.embedder.EclipseLogger - Using 'UTF-8' encoding to copy filtered properties files.
2021-08-11 16:15:18,462 [Worker-25: ビルド] INFO  o.e.m.c.i.embedder.EclipseLogger - Copying 1 resource
2021-08-11 16:15:18,465 [Worker-25: ビルド] INFO  o.e.m.c.i.embedder.EclipseLogger - Copying 0 resource
2021-08-11 16:15:18,468 [Worker-25: ビルド] INFO  o.e.m.c.i.embedder.EclipseLogger - Using 'UTF-8' encoding to copy filtered resources.
2021-08-11 16:15:18,468 [Worker-25: ビルド] INFO  o.e.m.c.i.embedder.EclipseLogger - Using 'UTF-8' encoding to copy filtered properties files.
2021-08-11 16:15:18,468 [Worker-25: ビルド] INFO  o.e.m.c.i.embedder.EclipseLogger - skip non existing resourceDirectory /Users/fumi/Desktop/Java/SpringBoot2.5/spring-mvc1/src/test/resources
2021-08-11 16:17:23,793 [Worker-22: ビルド] INFO  o.e.m.c.i.embedder.EclipseLogger - Using 'UTF-8' encoding to copy filtered resources.
2021-08-11 16:17:23,794 [Worker-22: ビルド] INFO  o.e.m.c.i.embedder.EclipseLogger - Using 'UTF-8' encoding to copy filtered properties files.
2021-08-11 16:17:23,799 [Worker-22: ビルド] INFO  o.e.m.c.i.embedder.EclipseLogger - Copying 0 resource
2021-08-11 16:17:23,801 [Worker-22: ビルド] INFO  o.e.m.c.i.embedder.EclipseLogger - Copying 1 resource
2021-08-11 16:17:23,804 [Worker-22: ビルド] INFO  o.e.m.c.i.embedder.EclipseLogger - Using 'UTF-8' encoding to copy filtered resources.
2021-08-11 16:17:23,805 [Worker-22: ビルド] INFO  o.e.m.c.i.embedder.EclipseLogger - Using 'UTF-8' encoding to copy filtered properties files.
2021-08-11 16:17:23,805 [Worker-22: ビルド] INFO  o.e.m.c.i.embedder.EclipseLogger - skip non existing resourceDirectory /Users/fumi/Desktop/Java/SpringBoot2.5/spring-mvc1/src/test/resources
2021-08-11 16:19:03,229 [Worker-30: ビルド] INFO  o.e.m.c.i.embedder.EclipseLogger - Using 'UTF-8' encoding to copy filtered resources.
2021-08-11 16:19:03,229 [Worker-30: ビルド] INFO  o.e.m.c.i.embedder.EclipseLogger - Using 'UTF-8' encoding to copy filtered properties files.
2021-08-11 16:19:03,230 [Worker-30: ビルド] INFO  o.e.m.c.i.embedder.EclipseLogger - Copying 0 resource
2021-08-11 16:19:03,231 [Worker-30: ビルド] INFO  o.e.m.c.i.embedder.EclipseLogger - Copying 1 resource
2021-08-11 16:19:03,235 [Worker-30: ビルド] INFO  o.e.m.c.i.embedder.EclipseLogger - Using 'UTF-8' encoding to copy filtered resources.
2021-08-11 16:19:03,235 [Worker-30: ビルド] INFO  o.e.m.c.i.embedder.EclipseLogger - Using 'UTF-8' encoding to copy filtered properties files.
2021-08-11 16:19:03,235 [Worker-30: ビルド] INFO  o.e.m.c.i.embedder.EclipseLogger - skip non existing resourceDirectory /Users/fumi/Desktop/Java/SpringBoot2.5/spring-mvc1/src/test/resources
2021-08-11 16:21:36,876 [Worker-22: ビルド] INFO  o.e.m.c.i.embedder.EclipseLogger - Using 'UTF-8' encoding to copy filtered resources.
2021-08-11 16:21:36,876 [Worker-22: ビルド] INFO  o.e.m.c.i.embedder.EclipseLogger - Using 'UTF-8' encoding to copy filtered properties files.
2021-08-11 16:21:36,877 [Worker-22: ビルド] INFO  o.e.m.c.i.embedder.EclipseLogger - Copying 0 resource
2021-08-11 16:21:36,877 [Worker-22: ビルド] INFO  o.e.m.c.i.embedder.EclipseLogger - Copying 1 resource
2021-08-11 16:21:36,879 [Worker-22: ビルド] INFO  o.e.m.c.i.embedder.EclipseLogger - Using 'UTF-8' encoding to copy filtered resources.
2021-08-11 16:21:36,879 [Worker-22: ビルド] INFO  o.e.m.c.i.embedder.EclipseLogger - Using 'UTF-8' encoding to copy filtered properties files.
2021-08-11 16:21:36,879 [Worker-22: ビルド] INFO  o.e.m.c.i.embedder.EclipseLogger - skip non existing resourceDirectory /Users/fumi/Desktop/Java/SpringBoot2.5/spring-mvc1/src/test/resources
2021-08-11 16:23:59,984 [Worker-34: ビルド] INFO  o.e.m.c.i.embedder.EclipseLogger - Using 'UTF-8' encoding to copy filtered resources.
2021-08-11 16:23:59,984 [Worker-34: ビルド] INFO  o.e.m.c.i.embedder.EclipseLogger - Using 'UTF-8' encoding to copy filtered properties files.
2021-08-11 16:23:59,984 [Worker-34: ビルド] INFO  o.e.m.c.i.embedder.EclipseLogger - Copying 0 resource
2021-08-11 16:23:59,985 [Worker-34: ビルド] INFO  o.e.m.c.i.embedder.EclipseLogger - Copying 1 resource
2021-08-11 16:23:59,990 [Worker-34: ビルド] INFO  o.e.m.c.i.embedder.EclipseLogger - Using 'UTF-8' encoding to copy filtered resources.
2021-08-11 16:23:59,991 [Worker-34: ビルド] INFO  o.e.m.c.i.embedder.EclipseLogger - Using 'UTF-8' encoding to copy filtered properties files.
2021-08-11 16:23:59,991 [Worker-34: ビルド] INFO  o.e.m.c.i.embedder.EclipseLogger - skip non existing resourceDirectory /Users/fumi/Desktop/Java/SpringBoot2.5/spring-mvc1/src/test/resources
2021-08-11 16:25:52,345 [Worker-35: ビルド] INFO  o.e.m.c.i.embedder.EclipseLogger - Using 'UTF-8' encoding to copy filtered resources.
2021-08-11 16:25:52,345 [Worker-35: ビルド] INFO  o.e.m.c.i.embedder.EclipseLogger - Using 'UTF-8' encoding to copy filtered properties files.
2021-08-11 16:25:52,346 [Worker-35: ビルド] INFO  o.e.m.c.i.embedder.EclipseLogger - Copying 0 resource
2021-08-11 16:25:52,346 [Worker-35: ビルド] INFO  o.e.m.c.i.embedder.EclipseLogger - Copying 1 resource
2021-08-11 16:25:52,348 [Worker-35: ビルド] INFO  o.e.m.c.i.embedder.EclipseLogger - Using 'UTF-8' encoding to copy filtered resources.
2021-08-11 16:25:52,348 [Worker-35: ビルド] INFO  o.e.m.c.i.embedder.EclipseLogger - Using 'UTF-8' encoding to copy filtered properties files.
2021-08-11 16:25:52,348 [Worker-35: ビルド] INFO  o.e.m.c.i.embedder.EclipseLogger - skip non existing resourceDirectory /Users/fumi/Desktop/Java/SpringBoot2.5/spring-mvc1/src/test/resources
2021-08-11 16:30:01,681 [Worker-38: ビルド] INFO  o.e.m.c.i.embedder.EclipseLogger - Using 'UTF-8' encoding to copy filtered resources.
2021-08-11 16:30:01,682 [Worker-38: ビルド] INFO  o.e.m.c.i.embedder.EclipseLogger - Using 'UTF-8' encoding to copy filtered properties files.
2021-08-11 16:30:01,683 [Worker-38: ビルド] INFO  o.e.m.c.i.embedder.EclipseLogger - Copying 0 resource
2021-08-11 16:30:01,683 [Worker-38: ビルド] INFO  o.e.m.c.i.embedder.EclipseLogger - Copying 1 resource
2021-08-11 16:30:01,686 [Worker-38: ビルド] INFO  o.e.m.c.i.embedder.EclipseLogger - Using 'UTF-8' encoding to copy filtered resources.
2021-08-11 16:30:01,686 [Worker-38: ビルド] INFO  o.e.m.c.i.embedder.EclipseLogger - Using 'UTF-8' encoding to copy filtered properties files.
2021-08-11 16:30:01,687 [Worker-38: ビルド] INFO  o.e.m.c.i.embedder.EclipseLogger - skip non existing resourceDirectory /Users/fumi/Desktop/Java/SpringBoot2.5/spring-mvc1/src/test/resources
